Using pre-set license
Built from '2020.3/staging' branch; Version is '2020.3.3f1 (76626098c1c4) revision 7758432'; Using compiler version '192528614'; Build Type 'Release'
OS: 'Windows 10 Home; OS build 19042.928; Version 2009; 64bit' Language: 'en' Physical Memory: 16321 MB
BatchMode: 1, IsHumanControllingUs: 0, StartBugReporterOnCrash: 0, Is64bit: 1, IsPro: 0

 COMMAND LINE ARGUMENTS:
F:\2020.3.3f1\Editor\Unity.exe
-adb2
-batchMode
-noUpm
-name
AssetImportWorker0
-projectPath
E:/Teaching/Spring2021CPP/Spring2021CPP
-logFile
Logs/AssetImportWorker0.log
-srvPort
52182
Successfully changed project path to: E:/Teaching/Spring2021CPP/Spring2021CPP
E:/Teaching/Spring2021CPP/Spring2021CPP
Using Asset Import Pipeline V2.
Refreshing native plugins compatible for Editor in 42.71 ms, found 1 plugins.
Preloading 0 native plugins for Editor in 0.00 ms.
Initialize engine version: 2020.3.3f1 (76626098c1c4)
[Subsystems] Discovering subsystems at path F:/2020.3.3f1/Editor/Data/Resources/UnitySubsystems
[Subsystems] Discovering subsystems at path E:/Teaching/Spring2021CPP/Spring2021CPP/Assets
GfxDevice: creating device client; threaded=0
Direct3D:
    Version:  Direct3D 11.0 [level 11.1]
    Renderer: NVIDIA GeForce GTX 1060 6GB (ID=0x1c03)
    Vendor:   
    VRAM:     6052 MB
    Driver:   27.21.14.6089
Initialize mono
Mono path[0] = 'F:/2020.3.3f1/Editor/Data/Managed'
Mono path[1] = 'F:/2020.3.3f1/Editor/Data/MonoBleedingEdge/lib/mono/unityjit'
Mono config path = 'F:/2020.3.3f1/Editor/Data/MonoBleedingEdge/etc'
Using monoOptions --debugger-agent=transport=dt_socket,embedding=1,server=y,suspend=n,address=127.0.0.1:56132
Begin MonoManager ReloadAssembly
Registering precompiled unity dll's ...
Register platform support module: F:/2020.3.3f1/Editor/Data/PlaybackEngines/WindowsStandaloneSupport/UnityEditor.WindowsStandalone.Extensions.dll
Registered in 0.001013 seconds.
Native extension for WindowsStandalone target not found
Refreshing native plugins compatible for Editor in 42.32 ms, found 1 plugins.
Preloading 0 native plugins for Editor in 0.00 ms.
Invoked RoslynAnalysisRunner static constructor.
RoslynAnalysisRunner will not be running.
RoslynAnalysisRunner has terminated.
Mono: successfully reloaded assembly
- Completed reload, in  1.065 seconds
Platform modules already initialized, skipping
Registering precompiled user dll's ...
Registered in 0.000660 seconds.
Begin MonoManager ReloadAssembly
Native extension for WindowsStandalone target not found
Refreshing native plugins compatible for Editor in 41.84 ms, found 1 plugins.
Preloading 0 native plugins for Editor in 0.00 ms.
Invoked RoslynAnalysisRunner static constructor.
RoslynAnalysisRunner will not be running.
RoslynAnalysisRunner has terminated.
Mono: successfully reloaded assembly
- Completed reload, in  1.066 seconds
Platform modules already initialized, skipping
========================================================================
Worker process is ready to serve import requests
Launched and connected shader compiler UnityShaderCompiler.exe after 0.06 seconds
Refreshing native plugins compatible for Editor in 0.41 ms, found 1 plugins.
Preloading 0 native plugins for Editor in 0.00 ms.
Unloading 1808 Unused Serialized files (Serialized files now loaded: 0)
System memory in use before: 84.9 MB.
System memory in use after: 85.0 MB.

Unloading 19 unused Assets to reduce memory usage. Loaded Objects now: 2255.
Total: 2.317600 ms (FindLiveObjects: 0.238700 ms CreateObjectMapping: 0.142500 ms MarkObjects: 1.869400 ms  DeleteObjects: 0.065900 ms)

========================================================================
Received Import Request.
  path: Assets/Scenes
  artifactKey: Guid(a3acba99232e3af43beec08bb575fe6f) Importer(815301076,1909f56bfc062723c751e8b465ee728b)
Start importing Assets/Scenes using Guid(a3acba99232e3af43beec08bb575fe6f) Importer(815301076,1909f56bfc062723c751e8b465ee728b)  -> (artifact id: '43c7729d3f6c17e4dd1c7f38c2951081') in 0.009576 seconds
  Import took 0.012804 seconds .

========================================================================
Received Import Request.
  Time since last request: 0.118532 seconds.
  path: Assets/Scenes
  artifactKey: Guid(a3acba99232e3af43beec08bb575fe6f) Importer(815301076,1909f56bfc062723c751e8b465ee728b)
Start importing Assets/Scenes using Guid(a3acba99232e3af43beec08bb575fe6f) Importer(815301076,1909f56bfc062723c751e8b465ee728b)  -> (artifact id: '43c7729d3f6c17e4dd1c7f38c2951081') in 0.002094 seconds
  Import took 0.006316 seconds .

========================================================================
Received Import Request.
  Time since last request: 39.774072 seconds.
  path: Assets/Scenes/SampleScene.unity
  artifactKey: Guid(2cda990e2423bbf4892e6590ba056729) Importer(815301076,1909f56bfc062723c751e8b465ee728b)
Start importing Assets/Scenes/SampleScene.unity using Guid(2cda990e2423bbf4892e6590ba056729) Importer(815301076,1909f56bfc062723c751e8b465ee728b)  -> (artifact id: '0a59ef0011206403181b6dace8b464c4') in 0.019404 seconds
  Import took 0.022902 seconds .

========================================================================
Received Import Request.
  Time since last request: 170.690711 seconds.
  path: Assets
  artifactKey: Guid(00000000000000001000000000000000) Importer(815301076,1909f56bfc062723c751e8b465ee728b)
Start importing Assets using Guid(00000000000000001000000000000000) Importer(815301076,1909f56bfc062723c751e8b465ee728b)  -> (artifact id: 'b2e0e235c0f4af3754229b664788db90') in 0.006871 seconds
  Import took 0.010723 seconds .

========================================================================
Received Import Request.
  Time since last request: 10.342978 seconds.
  path: Assets/Sprites
  artifactKey: Guid(046be49f3dfe8b5439b2db59803d5670) Importer(815301076,1909f56bfc062723c751e8b465ee728b)
Start importing Assets/Sprites using Guid(046be49f3dfe8b5439b2db59803d5670) Importer(815301076,1909f56bfc062723c751e8b465ee728b)  -> (artifact id: '1d5477e26d536e9f958f487e22b9f561') in 0.010387 seconds
  Import took 0.014955 seconds .

========================================================================
Received Import Request.
  Time since last request: 6.796645 seconds.
  path: Assets/Sprites/Player
  artifactKey: Guid(8b2126ca94a1f24408c0e9fb7dd89656) Importer(815301076,1909f56bfc062723c751e8b465ee728b)
Start importing Assets/Sprites/Player using Guid(8b2126ca94a1f24408c0e9fb7dd89656) Importer(815301076,1909f56bfc062723c751e8b465ee728b)  -> (artifact id: 'a349c3b0439d44315af900a62c58439d') in 0.010088 seconds
  Import took 0.013886 seconds .

========================================================================
Received Import Request.
  Time since last request: 5.490638 seconds.
  path: Assets/Sprites/Enemies
  artifactKey: Guid(7f6a2f8531fbe7e4daf904470bde09e7) Importer(815301076,1909f56bfc062723c751e8b465ee728b)
Start importing Assets/Sprites/Enemies using Guid(7f6a2f8531fbe7e4daf904470bde09e7) Importer(815301076,1909f56bfc062723c751e8b465ee728b)  -> (artifact id: '7962ad5377f825c3a47a29e1ab50074a') in 0.006889 seconds
  Import took 0.010493 seconds .

========================================================================
Received Import Request.
  Time since last request: 55.442428 seconds.
  path: Assets/Sprites/Misc
  artifactKey: Guid(05acb3fdc8484af4a9a4748d27823d9d) Importer(815301076,1909f56bfc062723c751e8b465ee728b)
Start importing Assets/Sprites/Misc using Guid(05acb3fdc8484af4a9a4748d27823d9d) Importer(815301076,1909f56bfc062723c751e8b465ee728b)  -> (artifact id: 'dedcbccdfefb9c1cd21e54a8704ae301') in 0.009454 seconds
  Import took 0.015175 seconds .

========================================================================
Received Import Request.
  Time since last request: 167.141699 seconds.
  path: Assets/Sprites/Misc/DonutPlains1_DONE.png
  artifactKey: Guid(be86e3bfc1591764e9524bebfac1c228) Importer(815301076,1909f56bfc062723c751e8b465ee728b)
Start importing Assets/Sprites/Misc/DonutPlains1_DONE.png using Guid(be86e3bfc1591764e9524bebfac1c228) Importer(815301076,1909f56bfc062723c751e8b465ee728b)  -> (artifact id: '09b00d0ee2d896d9a96032da2b093700') in 0.162639 seconds
  Import took 0.165948 seconds .

========================================================================
Received Import Request.
  Time since last request: 75.050106 seconds.
  path: Assets/Sprites/Misc/DonutPlains1_DONE.png
  artifactKey: Guid(be86e3bfc1591764e9524bebfac1c228) Importer(815301076,1909f56bfc062723c751e8b465ee728b)
Start importing Assets/Sprites/Misc/DonutPlains1_DONE.png using Guid(be86e3bfc1591764e9524bebfac1c228) Importer(815301076,1909f56bfc062723c751e8b465ee728b)  -> (artifact id: 'af58207dcb30189758445dc6fb3ffd93') in 0.014191 seconds
  Import took 0.018435 seconds .

========================================================================
Received Import Request.
  Time since last request: 57.781678 seconds.
  path: Assets/Sprites/Misc/DonutPlains1_DONE.png
  artifactKey: Guid(be86e3bfc1591764e9524bebfac1c228) Importer(815301076,1909f56bfc062723c751e8b465ee728b)
Start importing Assets/Sprites/Misc/DonutPlains1_DONE.png using Guid(be86e3bfc1591764e9524bebfac1c228) Importer(815301076,1909f56bfc062723c751e8b465ee728b)  -> (artifact id: 'cc292244b8f2cbeee29d34cfbf343298') in 0.016004 seconds
  Import took 0.019209 seconds .

========================================================================
Received Import Request.
  Time since last request: 219.664788 seconds.
  path: Assets/Sprites/Player/Sprite_Mario.png
  artifactKey: Guid(27f01cc9d7e1ac041b37d53de80bcee4) Importer(815301076,1909f56bfc062723c751e8b465ee728b)
Start importing Assets/Sprites/Player/Sprite_Mario.png using Guid(27f01cc9d7e1ac041b37d53de80bcee4) Importer(815301076,1909f56bfc062723c751e8b465ee728b)  -> (artifact id: '862e2af9ba2348f9f614ce71dc7d8871') in 0.014653 seconds
  Import took 0.019233 seconds .

========================================================================
Received Import Request.
  Time since last request: 244.584819 seconds.
  path: Assets/Sprites/Misc/DonutPlains1_DONE.png
  artifactKey: Guid(be86e3bfc1591764e9524bebfac1c228) Importer(815301076,1909f56bfc062723c751e8b465ee728b)
Start importing Assets/Sprites/Misc/DonutPlains1_DONE.png using Guid(be86e3bfc1591764e9524bebfac1c228) Importer(815301076,1909f56bfc062723c751e8b465ee728b)  -> (artifact id: '074fcfdec963ff8c87c88e903d7e4143') in 0.042182 seconds
  Import took 0.046252 seconds .

========================================================================
Received Import Request.
  Time since last request: 88.851138 seconds.
  path: Assets/Sprites/Misc/Background Elements.gif
  artifactKey: Guid(02545533faab8a14a8738f7a7e786286) Importer(815301076,1909f56bfc062723c751e8b465ee728b)
Start importing Assets/Sprites/Misc/Background Elements.gif using Guid(02545533faab8a14a8738f7a7e786286) Importer(815301076,1909f56bfc062723c751e8b465ee728b)  -> (artifact id: 'e131741492568b6d1ae70b1d763b0a1f') in 0.022094 seconds
  Import took 0.027681 seconds .

========================================================================
Received Import Request.
  Time since last request: 1.800563 seconds.
  path: Assets/Sprites/Misc/SuperMarioWorld-ChocolateIsland-ChocolateIsland1.png
  artifactKey: Guid(10788563f4e6b0c4b8ad612d2f4ec5f7) Importer(815301076,1909f56bfc062723c751e8b465ee728b)
Start importing Assets/Sprites/Misc/SuperMarioWorld-ChocolateIsland-ChocolateIsland1.png using Guid(10788563f4e6b0c4b8ad612d2f4ec5f7) Importer(815301076,1909f56bfc062723c751e8b465ee728b)  -> (artifact id: '5c5916ceed8edd43c26613fbdf0c1e20') in 0.023193 seconds
  Import took 0.026665 seconds .

========================================================================
Received Import Request.
  Time since last request: 113.968835 seconds.
  path: Assets/Sprites/Misc/DonutPlains1_DONE.png
  artifactKey: Guid(be86e3bfc1591764e9524bebfac1c228) Importer(815301076,1909f56bfc062723c751e8b465ee728b)
Start importing Assets/Sprites/Misc/DonutPlains1_DONE.png using Guid(be86e3bfc1591764e9524bebfac1c228) Importer(815301076,1909f56bfc062723c751e8b465ee728b)  -> (artifact id: '7b4c3db9981287dbfc33d29a505b4f43') in 0.036777 seconds
  Import took 0.040771 seconds .

========================================================================
Received Import Request.
  Time since last request: 16.005229 seconds.
  path: Assets/Sprites/Misc/DonutPlains1_DONE.png
  artifactKey: Guid(be86e3bfc1591764e9524bebfac1c228) Importer(815301076,1909f56bfc062723c751e8b465ee728b)
Start importing Assets/Sprites/Misc/DonutPlains1_DONE.png using Guid(be86e3bfc1591764e9524bebfac1c228) Importer(815301076,1909f56bfc062723c751e8b465ee728b)  -> (artifact id: '594917a95c54f0be334beb05549cc85c') in 0.031687 seconds
  Import took 0.037582 seconds .

========================================================================
Received Import Request.
  Time since last request: 9.435840 seconds.
  path: Assets/Sprites/Misc/DonutPlains1_DONE.png
  artifactKey: Guid(be86e3bfc1591764e9524bebfac1c228) Importer(815301076,1909f56bfc062723c751e8b465ee728b)
Start importing Assets/Sprites/Misc/DonutPlains1_DONE.png using Guid(be86e3bfc1591764e9524bebfac1c228) Importer(815301076,1909f56bfc062723c751e8b465ee728b)  -> (artifact id: '2fa1eb21cc8298eb8c3e56a466a9a92e') in 0.035346 seconds
  Import took 0.038940 seconds .

========================================================================
Received Import Request.
  Time since last request: 10.102873 seconds.
  path: Assets/Sprites/Misc/DonutPlains1_DONE.png
  artifactKey: Guid(be86e3bfc1591764e9524bebfac1c228) Importer(815301076,1909f56bfc062723c751e8b465ee728b)
Start importing Assets/Sprites/Misc/DonutPlains1_DONE.png using Guid(be86e3bfc1591764e9524bebfac1c228) Importer(815301076,1909f56bfc062723c751e8b465ee728b)  -> (artifact id: 'fa259201f9d64afa5adf40d0204428ca') in 0.055863 seconds
  Import took 0.059922 seconds .

========================================================================
Received Import Request.
  Time since last request: 21.986248 seconds.
  path: Assets/Sprites/Misc/DonutPlains1_DONE.png
  artifactKey: Guid(be86e3bfc1591764e9524bebfac1c228) Importer(815301076,1909f56bfc062723c751e8b465ee728b)
Start importing Assets/Sprites/Misc/DonutPlains1_DONE.png using Guid(be86e3bfc1591764e9524bebfac1c228) Importer(815301076,1909f56bfc062723c751e8b465ee728b)  -> (artifact id: '9449b45c8ab854b45933c23c83072f72') in 0.042565 seconds
  Import took 0.046331 seconds .

========================================================================
Received Import Request.
  Time since last request: 4.870755 seconds.
  path: Assets/Sprites/Misc/DonutPlains1_DONE.png
  artifactKey: Guid(be86e3bfc1591764e9524bebfac1c228) Importer(815301076,1909f56bfc062723c751e8b465ee728b)
Start importing Assets/Sprites/Misc/DonutPlains1_DONE.png using Guid(be86e3bfc1591764e9524bebfac1c228) Importer(815301076,1909f56bfc062723c751e8b465ee728b)  -> (artifact id: '6edea4b298dec9c7f868a99569af50b9') in 0.029433 seconds
  Import took 0.034225 seconds .

========================================================================
Received Import Request.
  Time since last request: 56.828408 seconds.
  path: Assets/Sprites/Misc/DonutPlains1_DONE.png
  artifactKey: Guid(be86e3bfc1591764e9524bebfac1c228) Importer(815301076,1909f56bfc062723c751e8b465ee728b)
Start importing Assets/Sprites/Misc/DonutPlains1_DONE.png using Guid(be86e3bfc1591764e9524bebfac1c228) Importer(815301076,1909f56bfc062723c751e8b465ee728b)  -> (artifact id: 'b00ac5b7772ce67612325463b5287b4e') in 0.032727 seconds
  Import took 0.037081 seconds .

========================================================================
Received Import Request.
  Time since last request: 28.400782 seconds.
  path: Assets/Sprites/Player/Sprite_Mario.png
  artifactKey: Guid(27f01cc9d7e1ac041b37d53de80bcee4) Importer(815301076,1909f56bfc062723c751e8b465ee728b)
Start importing Assets/Sprites/Player/Sprite_Mario.png using Guid(27f01cc9d7e1ac041b37d53de80bcee4) Importer(815301076,1909f56bfc062723c751e8b465ee728b)  -> (artifact id: 'c6d8b50438cd7464ce89ae83b72317be') in 0.021766 seconds
  Import took 0.025139 seconds .

========================================================================
Received Import Request.
  Time since last request: 25.975080 seconds.
  path: Assets/Sprites/Misc/DonutPlains1_DONE.png
  artifactKey: Guid(be86e3bfc1591764e9524bebfac1c228) Importer(815301076,1909f56bfc062723c751e8b465ee728b)
Start importing Assets/Sprites/Misc/DonutPlains1_DONE.png using Guid(be86e3bfc1591764e9524bebfac1c228) Importer(815301076,1909f56bfc062723c751e8b465ee728b)  -> (artifact id: '6627992598bda6b8255dbca1364a87a6') in 0.037072 seconds
  Import took 0.040649 seconds .

========================================================================
Received Import Request.
  Time since last request: 12.639026 seconds.
  path: Assets/Sprites/Misc/DonutPlains1_DONE.png
  artifactKey: Guid(be86e3bfc1591764e9524bebfac1c228) Importer(815301076,1909f56bfc062723c751e8b465ee728b)
Start importing Assets/Sprites/Misc/DonutPlains1_DONE.png using Guid(be86e3bfc1591764e9524bebfac1c228) Importer(815301076,1909f56bfc062723c751e8b465ee728b)  -> (artifact id: 'f97a1c4b78dc2c0d001b445294c55bad') in 0.040368 seconds
  Import took 0.048347 seconds .

========================================================================
Received Import Request.
  Time since last request: 13.435539 seconds.
  path: Assets/Sprites/Misc/DonutPlains1_DONE.png
  artifactKey: Guid(be86e3bfc1591764e9524bebfac1c228) Importer(815301076,1909f56bfc062723c751e8b465ee728b)
Start importing Assets/Sprites/Misc/DonutPlains1_DONE.png using Guid(be86e3bfc1591764e9524bebfac1c228) Importer(815301076,1909f56bfc062723c751e8b465ee728b)  -> (artifact id: '4c66181871bba058dec3e699efa62d2a') in 0.034351 seconds
  Import took 0.041630 seconds .

========================================================================
Received Import Request.
  Time since last request: 49.577887 seconds.
  path: Assets/Sprites/Misc/DonutPlains1_DONE.png
  artifactKey: Guid(be86e3bfc1591764e9524bebfac1c228) Importer(815301076,1909f56bfc062723c751e8b465ee728b)
Start importing Assets/Sprites/Misc/DonutPlains1_DONE.png using Guid(be86e3bfc1591764e9524bebfac1c228) Importer(815301076,1909f56bfc062723c751e8b465ee728b)  -> (artifact id: 'e1c00d1668f88d4e40949cfead290f08') in 0.033132 seconds
  Import took 0.037304 seconds .

========================================================================
Received Import Request.
  Time since last request: 42.283402 seconds.
  path: Assets/Sprites/Misc/DonutPlains1_DONE.png
  artifactKey: Guid(be86e3bfc1591764e9524bebfac1c228) Importer(815301076,1909f56bfc062723c751e8b465ee728b)
Start importing Assets/Sprites/Misc/DonutPlains1_DONE.png using Guid(be86e3bfc1591764e9524bebfac1c228) Importer(815301076,1909f56bfc062723c751e8b465ee728b)  -> (artifact id: 'be30c2585acaae73ab38cb022566543d') in 0.065179 seconds
  Import took 0.070074 seconds .

========================================================================
Received Import Request.
  Time since last request: 29.704815 seconds.
  path: Assets/Sprites/Misc/DonutPlains1_DONE.png
  artifactKey: Guid(be86e3bfc1591764e9524bebfac1c228) Importer(815301076,1909f56bfc062723c751e8b465ee728b)
Start importing Assets/Sprites/Misc/DonutPlains1_DONE.png using Guid(be86e3bfc1591764e9524bebfac1c228) Importer(815301076,1909f56bfc062723c751e8b465ee728b)  -> (artifact id: '15958c02d74dd5ae8473e51bb7f9543e') in 0.057663 seconds
  Import took 0.062951 seconds .

========================================================================
Received Import Request.
  Time since last request: 4.349085 seconds.
  path: Assets/Sprites/Misc/DonutPlains1_DONE.png
  artifactKey: Guid(be86e3bfc1591764e9524bebfac1c228) Importer(815301076,1909f56bfc062723c751e8b465ee728b)
Start importing Assets/Sprites/Misc/DonutPlains1_DONE.png using Guid(be86e3bfc1591764e9524bebfac1c228) Importer(815301076,1909f56bfc062723c751e8b465ee728b)  -> (artifact id: '1ab268b01f3e9c536ddfef53779fb68f') in 0.041107 seconds
  Import took 0.044552 seconds .

========================================================================
Received Import Request.
  Time since last request: 3.934924 seconds.
  path: Assets/Sprites/Misc/DonutPlains1_DONE.png
  artifactKey: Guid(be86e3bfc1591764e9524bebfac1c228) Importer(815301076,1909f56bfc062723c751e8b465ee728b)
Start importing Assets/Sprites/Misc/DonutPlains1_DONE.png using Guid(be86e3bfc1591764e9524bebfac1c228) Importer(815301076,1909f56bfc062723c751e8b465ee728b)  -> (artifact id: '79cb293f424256a4c5b4bb416f311214') in 0.041236 seconds
  Import took 0.045984 seconds .

========================================================================
Received Import Request.
  Time since last request: 5.502321 seconds.
  path: Assets/Sprites/Misc/DonutPlains1_DONE.png
  artifactKey: Guid(be86e3bfc1591764e9524bebfac1c228) Importer(815301076,1909f56bfc062723c751e8b465ee728b)
Start importing Assets/Sprites/Misc/DonutPlains1_DONE.png using Guid(be86e3bfc1591764e9524bebfac1c228) Importer(815301076,1909f56bfc062723c751e8b465ee728b)  -> (artifact id: '2cba7dbea6d895c5879f887b5b607f1f') in 0.044608 seconds
  Import took 0.047917 seconds .

========================================================================
Received Import Request.
  Time since last request: 4.497012 seconds.
  path: Assets/Sprites/Misc/DonutPlains1_DONE.png
  artifactKey: Guid(be86e3bfc1591764e9524bebfac1c228) Importer(815301076,1909f56bfc062723c751e8b465ee728b)
Start importing Assets/Sprites/Misc/DonutPlains1_DONE.png using Guid(be86e3bfc1591764e9524bebfac1c228) Importer(815301076,1909f56bfc062723c751e8b465ee728b)  -> (artifact id: '18f71a461eb7b230d77585426fb457ae') in 0.042710 seconds
  Import took 0.047281 seconds .

========================================================================
Received Import Request.
  Time since last request: 107.379080 seconds.
  path: Assets/Sprites/Player/Sprite_Mario.png
  artifactKey: Guid(27f01cc9d7e1ac041b37d53de80bcee4) Importer(815301076,1909f56bfc062723c751e8b465ee728b)
Start importing Assets/Sprites/Player/Sprite_Mario.png using Guid(27f01cc9d7e1ac041b37d53de80bcee4) Importer(815301076,1909f56bfc062723c751e8b465ee728b)  -> (artifact id: 'a9e4549e56a51de19c23883cda126b84') in 0.020034 seconds
  Import took 0.024545 seconds .

========================================================================
Received Import Request.
  Time since last request: 182.030196 seconds.
  path: Assets/Sprites/Player/Sprite_Mario.png
  artifactKey: Guid(27f01cc9d7e1ac041b37d53de80bcee4) Importer(815301076,1909f56bfc062723c751e8b465ee728b)
Start importing Assets/Sprites/Player/Sprite_Mario.png using Guid(27f01cc9d7e1ac041b37d53de80bcee4) Importer(815301076,1909f56bfc062723c751e8b465ee728b)  -> (artifact id: 'd32a5f70bfe7ca6a5487888f02c44106') in 0.103375 seconds
  Import took 0.107920 seconds .

========================================================================
Received Import Request.
  Time since last request: 75.343296 seconds.
  path: Assets/Sprites/Player/Sprite_Mario.png
  artifactKey: Guid(27f01cc9d7e1ac041b37d53de80bcee4) Importer(815301076,1909f56bfc062723c751e8b465ee728b)
Start importing Assets/Sprites/Player/Sprite_Mario.png using Guid(27f01cc9d7e1ac041b37d53de80bcee4) Importer(815301076,1909f56bfc062723c751e8b465ee728b)  -> (artifact id: '85de1c7d45a56050c6bc0edefd1ba0f0') in 0.081672 seconds
  Import took 0.085601 seconds .

========================================================================
Received Import Request.
  Time since last request: 256.210188 seconds.
  path: ProjectSettings/TagManager.asset
  artifactKey: Guid(00000000000000003000000000000000) Importer(815301076,1909f56bfc062723c751e8b465ee728b)
Start importing ProjectSettings/TagManager.asset using Guid(00000000000000003000000000000000) Importer(815301076,1909f56bfc062723c751e8b465ee728b)  -> (artifact id: '3125bf62d54dbcdd0ce3e4c540a7aa4e') in 0.015234 seconds
  Import took 0.020006 seconds .

========================================================================
Received Import Request.
  Time since last request: 424.461662 seconds.
  path: Assets/Sprites/Player/Sprite_Mario.png
  artifactKey: Guid(27f01cc9d7e1ac041b37d53de80bcee4) Importer(815301076,1909f56bfc062723c751e8b465ee728b)
Start importing Assets/Sprites/Player/Sprite_Mario.png using Guid(27f01cc9d7e1ac041b37d53de80bcee4) Importer(815301076,1909f56bfc062723c751e8b465ee728b)  -> (artifact id: 'fb7c677598239408791ec3a9cb9024d5') in 0.083582 seconds
  Import took 0.087932 seconds .

========================================================================
Received Import Request.
  Time since last request: 5.005806 seconds.
  path: Assets/Sprites/Player/Sprite_Mario.png
  artifactKey: Guid(27f01cc9d7e1ac041b37d53de80bcee4) Importer(815301076,1909f56bfc062723c751e8b465ee728b)
Start importing Assets/Sprites/Player/Sprite_Mario.png using Guid(27f01cc9d7e1ac041b37d53de80bcee4) Importer(815301076,1909f56bfc062723c751e8b465ee728b)  -> (artifact id: 'e873aa0f13e3034ed4c3e11a283b95c8') in 0.091214 seconds
  Import took 0.095516 seconds .

========================================================================
Received Import Request.
  Time since last request: 9.908164 seconds.
  path: Assets/Sprites/Player/Sprite_Mario.png
  artifactKey: Guid(27f01cc9d7e1ac041b37d53de80bcee4) Importer(815301076,1909f56bfc062723c751e8b465ee728b)
Start importing Assets/Sprites/Player/Sprite_Mario.png using Guid(27f01cc9d7e1ac041b37d53de80bcee4) Importer(815301076,1909f56bfc062723c751e8b465ee728b)  -> (artifact id: '2e9f7752753c2f5cdda0602bed072f2c') in 0.127284 seconds
  Import took 0.134145 seconds .

========================================================================
Received Import Request.
  Time since last request: 3.777972 seconds.
  path: Assets/Sprites/Player/Sprite_Mario.png
  artifactKey: Guid(27f01cc9d7e1ac041b37d53de80bcee4) Importer(815301076,1909f56bfc062723c751e8b465ee728b)
Start importing Assets/Sprites/Player/Sprite_Mario.png using Guid(27f01cc9d7e1ac041b37d53de80bcee4) Importer(815301076,1909f56bfc062723c751e8b465ee728b)  -> (artifact id: 'c48acd2bb879548af2bb29a3e977115c') in 0.098638 seconds
  Import took 0.102931 seconds .

========================================================================
Received Import Request.
  Time since last request: 4.145096 seconds.
  path: Assets/Sprites/Player/Sprite_Mario.png
  artifactKey: Guid(27f01cc9d7e1ac041b37d53de80bcee4) Importer(815301076,1909f56bfc062723c751e8b465ee728b)
Start importing Assets/Sprites/Player/Sprite_Mario.png using Guid(27f01cc9d7e1ac041b37d53de80bcee4) Importer(815301076,1909f56bfc062723c751e8b465ee728b)  -> (artifact id: 'fb189275eea25dd3d5f9c0558d88910e') in 0.087146 seconds
  Import took 0.091492 seconds .

========================================================================
Received Import Request.
  Time since last request: 88.909749 seconds.
  path: Assets/Sprites/Player/Sprite_Mario.png
  artifactKey: Guid(27f01cc9d7e1ac041b37d53de80bcee4) Importer(815301076,1909f56bfc062723c751e8b465ee728b)
Start importing Assets/Sprites/Player/Sprite_Mario.png using Guid(27f01cc9d7e1ac041b37d53de80bcee4) Importer(815301076,1909f56bfc062723c751e8b465ee728b)  -> (artifact id: 'dc8e9f255bdd8413195d425d8453cfed') in 0.103050 seconds
  Import took 0.107564 seconds .

========================================================================
Received Import Request.
  Time since last request: 5.018410 seconds.
  path: Assets/Sprites/Player/Sprite_Mario.png
  artifactKey: Guid(27f01cc9d7e1ac041b37d53de80bcee4) Importer(815301076,1909f56bfc062723c751e8b465ee728b)
Start importing Assets/Sprites/Player/Sprite_Mario.png using Guid(27f01cc9d7e1ac041b37d53de80bcee4) Importer(815301076,1909f56bfc062723c751e8b465ee728b)  -> (artifact id: '0cc416d3c99b75fbf940bd0e9ed14406') in 0.085039 seconds
  Import took 0.089574 seconds .

========================================================================
Received Import Request.
  Time since last request: 3.736006 seconds.
  path: Assets/Sprites/Player/Sprite_Mario.png
  artifactKey: Guid(27f01cc9d7e1ac041b37d53de80bcee4) Importer(815301076,1909f56bfc062723c751e8b465ee728b)
Start importing Assets/Sprites/Player/Sprite_Mario.png using Guid(27f01cc9d7e1ac041b37d53de80bcee4) Importer(815301076,1909f56bfc062723c751e8b465ee728b)  -> (artifact id: 'f358d9c80dbf1df37f59315b2d5572bc') in 0.109870 seconds
  Import took 0.113661 seconds .

========================================================================
Received Prepare
Registering precompiled user dll's ...
Registered in 0.000862 seconds.
Begin MonoManager ReloadAssembly
Native extension for WindowsStandalone target not found
Refreshing native plugins compatible for Editor in 0.39 ms, found 1 plugins.
Preloading 0 native plugins for Editor in 0.00 ms.
Invoked RoslynAnalysisRunner static constructor.
RoslynAnalysisRunner will not be running.
RoslynAnalysisRunner has terminated.
Mono: successfully reloaded assembly
- Completed reload, in  0.919 seconds
Platform modules already initialized, skipping
Refreshing native plugins compatible for Editor in 0.41 ms, found 1 plugins.
Preloading 0 native plugins for Editor in 0.00 ms.
Unloading 1798 Unused Serialized files (Serialized files now loaded: 0)
System memory in use before: 87.8 MB.
System memory in use after: 87.9 MB.

Unloading 8 unused Assets to reduce memory usage. Loaded Objects now: 2463.
Total: 2.926300 ms (FindLiveObjects: 0.447600 ms CreateObjectMapping: 0.093400 ms MarkObjects: 2.363100 ms  DeleteObjects: 0.019900 ms)

========================================================================
Received Prepare
Registering precompiled user dll's ...
Registered in 0.001221 seconds.
Begin MonoManager ReloadAssembly
Native extension for WindowsStandalone target not found
Refreshing native plugins compatible for Editor in 0.57 ms, found 1 plugins.
Preloading 0 native plugins for Editor in 0.00 ms.
Invoked RoslynAnalysisRunner static constructor.
RoslynAnalysisRunner will not be running.
RoslynAnalysisRunner has terminated.
Mono: successfully reloaded assembly
- Completed reload, in  1.025 seconds
Platform modules already initialized, skipping
Refreshing native plugins compatible for Editor in 0.39 ms, found 1 plugins.
Preloading 0 native plugins for Editor in 0.00 ms.
Unloading 1798 Unused Serialized files (Serialized files now loaded: 0)
System memory in use before: 87.8 MB.
System memory in use after: 87.9 MB.

Unloading 7 unused Assets to reduce memory usage. Loaded Objects now: 2467.
Total: 2.452100 ms (FindLiveObjects: 0.195900 ms CreateObjectMapping: 0.096800 ms MarkObjects: 2.127400 ms  DeleteObjects: 0.030600 ms)

========================================================================
Received Prepare
Registering precompiled user dll's ...
Registered in 0.001069 seconds.
Begin MonoManager ReloadAssembly
Native extension for WindowsStandalone target not found
Refreshing native plugins compatible for Editor in 0.73 ms, found 1 plugins.
Preloading 0 native plugins for Editor in 0.00 ms.
Invoked RoslynAnalysisRunner static constructor.
RoslynAnalysisRunner will not be running.
RoslynAnalysisRunner has terminated.
Mono: successfully reloaded assembly
- Completed reload, in  0.961 seconds
Platform modules already initialized, skipping
Refreshing native plugins compatible for Editor in 0.40 ms, found 1 plugins.
Preloading 0 native plugins for Editor in 0.00 ms.
Unloading 1798 Unused Serialized files (Serialized files now loaded: 0)
System memory in use before: 87.9 MB.
System memory in use after: 88.0 MB.

Unloading 7 unused Assets to reduce memory usage. Loaded Objects now: 2471.
Total: 1.993900 ms (FindLiveObjects: 0.194900 ms CreateObjectMapping: 0.065200 ms MarkObjects: 1.710800 ms  DeleteObjects: 0.022100 ms)

========================================================================
Received Prepare
Registering precompiled user dll's ...
Registered in 0.000888 seconds.
Begin MonoManager ReloadAssembly
Native extension for WindowsStandalone target not found
Refreshing native plugins compatible for Editor in 0.54 ms, found 1 plugins.
Preloading 0 native plugins for Editor in 0.00 ms.
Invoked RoslynAnalysisRunner static constructor.
RoslynAnalysisRunner will not be running.
RoslynAnalysisRunner has terminated.
Mono: successfully reloaded assembly
- Completed reload, in  1.101 seconds
Platform modules already initialized, skipping
Refreshing native plugins compatible for Editor in 0.40 ms, found 1 plugins.
Preloading 0 native plugins for Editor in 0.00 ms.
Unloading 1798 Unused Serialized files (Serialized files now loaded: 0)
System memory in use before: 87.9 MB.
System memory in use after: 88.0 MB.

Unloading 7 unused Assets to reduce memory usage. Loaded Objects now: 2475.
Total: 2.339400 ms (FindLiveObjects: 0.215000 ms CreateObjectMapping: 0.072300 ms MarkObjects: 2.032500 ms  DeleteObjects: 0.018200 ms)

========================================================================
Received Prepare
Registering precompiled user dll's ...
Registered in 0.001369 seconds.
Begin MonoManager ReloadAssembly
Native extension for WindowsStandalone target not found
Refreshing native plugins compatible for Editor in 0.45 ms, found 1 plugins.
Preloading 0 native plugins for Editor in 0.00 ms.
Invoked RoslynAnalysisRunner static constructor.
RoslynAnalysisRunner will not be running.
RoslynAnalysisRunner has terminated.
Mono: successfully reloaded assembly
- Completed reload, in  0.904 seconds
Platform modules already initialized, skipping
Refreshing native plugins compatible for Editor in 0.40 ms, found 1 plugins.
Preloading 0 native plugins for Editor in 0.00 ms.
Unloading 1798 Unused Serialized files (Serialized files now loaded: 0)
System memory in use before: 87.9 MB.
System memory in use after: 88.0 MB.

Unloading 7 unused Assets to reduce memory usage. Loaded Objects now: 2479.
Total: 2.891000 ms (FindLiveObjects: 0.261400 ms CreateObjectMapping: 0.173700 ms MarkObjects: 2.407800 ms  DeleteObjects: 0.046100 ms)

========================================================================
Received Prepare
Registering precompiled user dll's ...
Registered in 0.000806 seconds.
Begin MonoManager ReloadAssembly
Native extension for WindowsStandalone target not found
Refreshing native plugins compatible for Editor in 0.39 ms, found 1 plugins.
Preloading 0 native plugins for Editor in 0.00 ms.
Invoked RoslynAnalysisRunner static constructor.
RoslynAnalysisRunner will not be running.
RoslynAnalysisRunner has terminated.
Mono: successfully reloaded assembly
- Completed reload, in  0.960 seconds
Platform modules already initialized, skipping
Refreshing native plugins compatible for Editor in 0.46 ms, found 1 plugins.
Preloading 0 native plugins for Editor in 0.00 ms.
Unloading 1798 Unused Serialized files (Serialized files now loaded: 0)
System memory in use before: 87.9 MB.
System memory in use after: 88.0 MB.

Unloading 7 unused Assets to reduce memory usage. Loaded Objects now: 2483.
Total: 2.228100 ms (FindLiveObjects: 0.225600 ms CreateObjectMapping: 0.067400 ms MarkObjects: 1.920800 ms  DeleteObjects: 0.013500 ms)

========================================================================
Received Prepare
Registering precompiled user dll's ...
Registered in 0.000783 seconds.
Begin MonoManager ReloadAssembly
Native extension for WindowsStandalone target not found
Refreshing native plugins compatible for Editor in 0.60 ms, found 1 plugins.
Preloading 0 native plugins for Editor in 0.00 ms.
Invoked RoslynAnalysisRunner static constructor.
RoslynAnalysisRunner will not be running.
RoslynAnalysisRunner has terminated.
Mono: successfully reloaded assembly
- Completed reload, in  1.033 seconds
Platform modules already initialized, skipping
Refreshing native plugins compatible for Editor in 0.53 ms, found 1 plugins.
Preloading 0 native plugins for Editor in 0.00 ms.
Unloading 1798 Unused Serialized files (Serialized files now loaded: 0)
System memory in use before: 87.9 MB.
System memory in use after: 88.0 MB.

Unloading 7 unused Assets to reduce memory usage. Loaded Objects now: 2487.
Total: 2.177100 ms (FindLiveObjects: 0.210200 ms CreateObjectMapping: 0.073000 ms MarkObjects: 1.871100 ms  DeleteObjects: 0.021700 ms)

========================================================================
Received Prepare
Registering precompiled user dll's ...
Registered in 0.001109 seconds.
Begin MonoManager ReloadAssembly
Native extension for WindowsStandalone target not found
Refreshing native plugins compatible for Editor in 0.42 ms, found 1 plugins.
Preloading 0 native plugins for Editor in 0.00 ms.
Invoked RoslynAnalysisRunner static constructor.
RoslynAnalysisRunner will not be running.
RoslynAnalysisRunner has terminated.
Mono: successfully reloaded assembly
- Completed reload, in  0.919 seconds
Platform modules already initialized, skipping
Refreshing native plugins compatible for Editor in 0.41 ms, found 1 plugins.
Preloading 0 native plugins for Editor in 0.00 ms.
Unloading 1798 Unused Serialized files (Serialized files now loaded: 0)
System memory in use before: 87.9 MB.
System memory in use after: 88.0 MB.

Unloading 7 unused Assets to reduce memory usage. Loaded Objects now: 2491.
Total: 3.806000 ms (FindLiveObjects: 0.463200 ms CreateObjectMapping: 0.240900 ms MarkObjects: 3.085100 ms  DeleteObjects: 0.015200 ms)

========================================================================
Received Prepare
Registering precompiled user dll's ...
Registered in 0.001171 seconds.
Begin MonoManager ReloadAssembly
Native extension for WindowsStandalone target not found
Refreshing native plugins compatible for Editor in 0.40 ms, found 1 plugins.
Preloading 0 native plugins for Editor in 0.00 ms.
Invoked RoslynAnalysisRunner static constructor.
RoslynAnalysisRunner will not be running.
RoslynAnalysisRunner has terminated.
Mono: successfully reloaded assembly
- Completed reload, in  0.986 seconds
Platform modules already initialized, skipping
Refreshing native plugins compatible for Editor in 0.37 ms, found 1 plugins.
Preloading 0 native plugins for Editor in 0.00 ms.
Unloading 1798 Unused Serialized files (Serialized files now loaded: 0)
System memory in use before: 87.9 MB.
System memory in use after: 88.0 MB.

Unloading 7 unused Assets to reduce memory usage. Loaded Objects now: 2495.
Total: 1.835100 ms (FindLiveObjects: 0.196000 ms CreateObjectMapping: 0.065500 ms MarkObjects: 1.557600 ms  DeleteObjects: 0.014900 ms)

========================================================================
Received Prepare
Registering precompiled user dll's ...
Registered in 0.000724 seconds.
Begin MonoManager ReloadAssembly
Native extension for WindowsStandalone target not found
Refreshing native plugins compatible for Editor in 0.39 ms, found 1 plugins.
Preloading 0 native plugins for Editor in 0.00 ms.
Invoked RoslynAnalysisRunner static constructor.
RoslynAnalysisRunner will not be running.
RoslynAnalysisRunner has terminated.
Mono: successfully reloaded assembly
- Completed reload, in  1.015 seconds
Platform modules already initialized, skipping
Refreshing native plugins compatible for Editor in 0.40 ms, found 1 plugins.
Preloading 0 native plugins for Editor in 0.00 ms.
Unloading 1798 Unused Serialized files (Serialized files now loaded: 0)
System memory in use before: 87.9 MB.
System memory in use after: 88.0 MB.

Unloading 7 unused Assets to reduce memory usage. Loaded Objects now: 2499.
Total: 2.640500 ms (FindLiveObjects: 0.215900 ms CreateObjectMapping: 0.081200 ms MarkObjects: 2.323000 ms  DeleteObjects: 0.019200 ms)

========================================================================
Received Prepare
Registering precompiled user dll's ...
Registered in 0.000750 seconds.
Begin MonoManager ReloadAssembly
Native extension for WindowsStandalone target not found
Refreshing native plugins compatible for Editor in 0.43 ms, found 1 plugins.
Preloading 0 native plugins for Editor in 0.00 ms.
Invoked RoslynAnalysisRunner static constructor.
RoslynAnalysisRunner will not be running.
RoslynAnalysisRunner has terminated.
Mono: successfully reloaded assembly
- Completed reload, in  1.052 seconds
Platform modules already initialized, skipping
Refreshing native plugins compatible for Editor in 0.39 ms, found 1 plugins.
Preloading 0 native plugins for Editor in 0.00 ms.
Unloading 1798 Unused Serialized files (Serialized files now loaded: 0)
System memory in use before: 87.9 MB.
System memory in use after: 88.1 MB.

Unloading 7 unused Assets to reduce memory usage. Loaded Objects now: 2503.
Total: 1.960600 ms (FindLiveObjects: 0.199900 ms CreateObjectMapping: 0.064500 ms MarkObjects: 1.676700 ms  DeleteObjects: 0.018500 ms)

========================================================================
Received Prepare
Registering precompiled user dll's ...
Registered in 0.000793 seconds.
Begin MonoManager ReloadAssembly
Native extension for WindowsStandalone target not found
Refreshing native plugins compatible for Editor in 0.39 ms, found 1 plugins.
Preloading 0 native plugins for Editor in 0.00 ms.
Invoked RoslynAnalysisRunner static constructor.
RoslynAnalysisRunner will not be running.
RoslynAnalysisRunner has terminated.
Mono: successfully reloaded assembly
- Completed reload, in  0.971 seconds
Platform modules already initialized, skipping
Refreshing native plugins compatible for Editor in 0.53 ms, found 1 plugins.
Preloading 0 native plugins for Editor in 0.00 ms.
Unloading 1798 Unused Serialized files (Serialized files now loaded: 0)
System memory in use before: 87.9 MB.
System memory in use after: 88.1 MB.

Unloading 7 unused Assets to reduce memory usage. Loaded Objects now: 2507.
Total: 1.928000 ms (FindLiveObjects: 0.299900 ms CreateObjectMapping: 0.069500 ms MarkObjects: 1.543800 ms  DeleteObjects: 0.013000 ms)

========================================================================
Received Prepare
Registering precompiled user dll's ...
Registered in 0.000958 seconds.
Begin MonoManager ReloadAssembly
Native extension for WindowsStandalone target not found
Refreshing native plugins compatible for Editor in 0.41 ms, found 1 plugins.
Preloading 0 native plugins for Editor in 0.00 ms.
Invoked RoslynAnalysisRunner static constructor.
RoslynAnalysisRunner will not be running.
RoslynAnalysisRunner has terminated.
Mono: successfully reloaded assembly
- Completed reload, in  0.960 seconds
Platform modules already initialized, skipping
Refreshing native plugins compatible for Editor in 0.39 ms, found 1 plugins.
Preloading 0 native plugins for Editor in 0.00 ms.
Unloading 1798 Unused Serialized files (Serialized files now loaded: 0)
System memory in use before: 88.0 MB.
System memory in use after: 88.1 MB.

Unloading 7 unused Assets to reduce memory usage. Loaded Objects now: 2511.
Total: 2.745800 ms (FindLiveObjects: 0.446300 ms CreateObjectMapping: 0.203200 ms MarkObjects: 2.074600 ms  DeleteObjects: 0.020300 ms)

AssetImportWorkerClient::OnTransportError - code=2 error=End of file
